{"name": "test_login[city1]", "status": "broken", "statusDetails": {"message": "selenium.common.exceptions.NoSuchElementException: Message: An element could not be located on the page using the given search parameters.\nStacktrace:\nNoSuchElementError: An element could not be located on the page using the given search parameters.\n    at AndroidUiautomator2Driver.findElOrEls (C:\\Program Files\\Appium\\resources\\app\\node_modules\\appium\\node_modules\\appium-android-driver\\lib\\commands\\find.js:75:11)\n    at runMicrotasks (<anonymous>)\n    at processTicksAndRejections (internal/process/task_queues.js:85:5)", "trace": "city = ['Dubai']\n\n    @pytest.mark.parametrize(\"city\", getData())\n    def test_login(city):\n        driver.find_element(By.XPATH, \"//android.widget.TextView[@text='Hotels']\").click()\n        time.sleep(2)\n        driver.find_element(By.XPATH, \"//android.widget.TextView[@text='City, Area or Property Name']\").click()\n        time.sleep(2)\n        print(city)\n        driver.find_element(By.ID, \"com.goibibo:id/edtSearch\").send_keys(city)\n        time.sleep(2)\n        driver.find_elements(By.ID, \"com.goibibo:id/lytChildNode1\")[0].click()\n        time.sleep(4)\n        driver.find_element(By.ID, \"com.goibibo:id/verticalHomeSearchButton\").click()\n        time.sleep(5)\n>       citytext = driver.find_element(By.XPATH, \"//android.widget.TextView[contains(@text, 'Top Areas to Stay')]\").text\n\ntest_appium_integration.py:84: \n_ _ _ _ _ _ _ _ _ _ _ _ _ _ _ _ _ _ _ _ _ _ _ _ _ _ _ _ _ _ _ _ _ _ _ _ _ _ _ _ _ _ _ _ _ _ _ _ _ _ _ _ _ _ _ _ _ _ _ _ _ _ _ _ _ _ _ _ _ _ _ _ _ _ _ _\n..\\venv\\lib\\site-packages\\appium\\webdriver\\webdriver.py:390: in find_element\n    return self.execute(RemoteCommand.FIND_ELEMENT, {'using': by, 'value': value})['value']\n..\\venv\\lib\\site-packages\\selenium\\webdriver\\remote\\webdriver.py:440: in execute\n    self.error_handler.check_response(response)\n_ _ _ _ _ _ _ _ _ _ _ _ _ _ _ _ _ _ _ _ _ _ _ _ _ _ _ _ _ _ _ _ _ _ _ _ _ _ _ _ _ _ _ _ _ _ _ _ _ _ _ _ _ _ _ _ _ _ _ _ _ _ _ _ _ _ _ _ _ _ _ _ _ _ _ _\n\nself = <appium.webdriver.errorhandler.MobileErrorHandler object at 0x00000233F7BC6770>\nresponse = {'status': 404, 'value': '{\"value\":{\"error\":\"no such element\",\"message\":\"An element could not be located on the page u...11)\\\\n    at runMicrotasks (<anonymous>)\\\\n    at processTicksAndRejections (internal/process/task_queues.js:85:5)\"}}'}\n\n    def check_response(self, response: Dict[str, Any]) -> None:\n        \"\"\"\n        https://www.w3.org/TR/webdriver/#errors\n        \"\"\"\n        payload = response.get('value', '')\n        try:\n            payload_dict = json.loads(payload)\n        except (json.JSONDecodeError, TypeError):\n            return\n        if not isinstance(payload_dict, dict):\n            return\n        value = payload_dict.get('value')\n        if not isinstance(value, dict):\n            return\n        error = value.get('error')\n        if not error:\n            return\n    \n        message = value.get('message', error)\n        stacktrace = value.get('stacktrace', '')\n        # In theory, we should also be checking HTTP status codes.\n        # Java client, for example, prints a warning if the actual `error`\n        # value does not match to the response's HTTP status code.\n        exception_class: Type[sel_exceptions.WebDriverException] = ERROR_TO_EXC_MAPPING.get(\n            error, sel_exceptions.WebDriverException\n        )\n        if exception_class is sel_exceptions.WebDriverException and message:\n            if message == 'No such context found.':\n                exception_class = appium_exceptions.NoSuchContextException\n            elif message == 'That command could not be executed in the current context.':\n                exception_class = appium_exceptions.InvalidSwitchToTargetException\n    \n        if exception_class is sel_exceptions.UnexpectedAlertPresentException:\n            raise sel_exceptions.UnexpectedAlertPresentException(\n                msg=message,\n                stacktrace=format_stacktrace(stacktrace),\n                alert_text=value.get('data'),\n            )\n>       raise exception_class(msg=message, stacktrace=format_stacktrace(stacktrace))\nE       selenium.common.exceptions.NoSuchElementException: Message: An element could not be located on the page using the given search parameters.\nE       Stacktrace:\nE       NoSuchElementError: An element could not be located on the page using the given search parameters.\nE           at AndroidUiautomator2Driver.findElOrEls (C:\\Program Files\\Appium\\resources\\app\\node_modules\\appium\\node_modules\\appium-android-driver\\lib\\commands\\find.js:75:11)\nE           at runMicrotasks (<anonymous>)\nE           at processTicksAndRejections (internal/process/task_queues.js:85:5)\n\n..\\venv\\lib\\site-packages\\appium\\webdriver\\errorhandler.py:122: NoSuchElementException"}, "attachments": [{"name": "stdout", "source": "ce52b59b-babd-488b-9934-38152a9cb64e-attachment.txt", "type": "text/plain"}], "parameters": [{"name": "city", "value": "['Dubai']"}], "start": 1688985967930, "stop": 1688985996842, "uuid": "48b56e22-234e-42db-9334-9685c8dfd546", "historyId": "e31406711fdba6825643f3681c49c274", "testCaseId": "0b787729113ff33dd227f7c637b8e758", "fullName": "test_appium_integration#test_login", "labels": [{"name": "suite", "value": "test_appium_integration"}, {"name": "host", "value": "Nasim-IT"}, {"name": "thread", "value": "84416-MainThread"}, {"name": "framework", "value": "pytest"}, {"name": "language", "value": "cpython3"}, {"name": "package", "value": "test_appium_integration"}]}